0 info it worked if it ends with ok
1 verbose cli [ '/usr/bin/node', '/usr/bin/npm', 'start' ]
2 info using npm@3.3.3
3 info using node@v4.1.0
4 verbose run-script [ 'prestart', 'start', 'poststart' ]
5 info lifecycle smear-the-vermeer@~prestart: smear-the-vermeer@
6 silly lifecycle smear-the-vermeer@~prestart: no script for prestart, continuing
7 info lifecycle smear-the-vermeer@~start: smear-the-vermeer@
8 verbose lifecycle smear-the-vermeer@~start: unsafe-perm in lifecycle true
9 verbose lifecycle smear-the-vermeer@~start: PATH: /usr/lib/node_modules/npm/bin/node-gyp-bin:/home/ulysses/development/smear-the-vermeer/node_modules/.bin:/usr/local/bin:/usr/bin:/bin:/usr/sbin:/sbin:/home/ulysses/.gem/ruby/2.2.0/bin
10 verbose lifecycle smear-the-vermeer@~start: CWD: /home/ulysses/development/smear-the-vermeer
11 silly lifecycle smear-the-vermeer@~start: Args: [ '-c', 'node server.js' ]
12 silly lifecycle smear-the-vermeer@~start: Returned: code: 1  signal: null
13 info lifecycle smear-the-vermeer@~start: Failed to exec start script
14 verbose stack Error: smear-the-vermeer@ start: `node server.js`
14 verbose stack Exit status 1
14 verbose stack     at EventEmitter.<anonymous> (/usr/lib/node_modules/npm/lib/utils/lifecycle.js:233:16)
14 verbose stack     at emitTwo (events.js:87:13)
14 verbose stack     at EventEmitter.emit (events.js:172:7)
14 verbose stack     at ChildProcess.<anonymous> (/usr/lib/node_modules/npm/lib/utils/spawn.js:24:14)
14 verbose stack     at emitTwo (events.js:87:13)
14 verbose stack     at ChildProcess.emit (events.js:172:7)
14 verbose stack     at maybeClose (internal/child_process.js:817:16)
14 verbose stack     at Process.ChildProcess._handle.onexit (internal/child_process.js:211:5)
15 verbose pkgid smear-the-vermeer@
16 verbose cwd /home/ulysses/development/smear-the-vermeer
17 error Linux 4.1.6-1-ARCH
18 error argv "/usr/bin/node" "/usr/bin/npm" "start"
19 error node v4.1.0
20 error npm  v3.3.3
21 error code ELIFECYCLE
22 error smear-the-vermeer@ start: `node server.js`
22 error Exit status 1
23 error Failed at the smear-the-vermeer@ start script 'node server.js'.
23 error This is most likely a problem with the smear-the-vermeer package,
23 error not with npm itself.
23 error Tell the author that this fails on your system:
23 error     node server.js
23 error You can get their info via:
23 error     npm owner ls smear-the-vermeer
23 error There is likely additional logging output above.
24 verbose exit [ 1, true ]
